be,util,confirmatory,cursory::utl00.sep:-w1500
be,util,confirmatory,cursory::utl01.sep:-w1500
# Test utl19.sep shows up bug 114150 fixed in 2.6.
# Check it is fixed in r3 before removing these comments.
# be,util,confirmatory,cursory::utl19.sep:-w1500
be,util,confirmatory,basic::utl23.sep:-w1500
be,util,confirmatory,basic::utl24.sep:-w1500 -d20 -t20
be,util,confirmatory,basic::utl25.sep:-w1500
be,util,confirmatory,basic::utl26.sep:-w1500
be,util,confirmatory,basic::utl27.sep:-w1500
be,util,confirmatory,basic::utl28.sep:-w1500
be,util,confirmatory,basic::utl29.sep:-w1500
be,util,confirmatory,basic::utl30.sep:-w1500
be,util,confirmatory,basic::utl31.sep:-w1500
be,util,confirmatory,basic::utl32.sep:-w1500
be,util,confirmatory,basic::utl33.sep:-w1500
be,util,confirmatory,basic::utl34.sep:-w1500
be,util,confirmatory,basic::utl35.sep:-w1500
be,util,confirmatory,basic::utl36.sep:-w1500
be,util,confirmatory,basic::utl37.sep:-w1500
be,util,confirmatory,basic::utl38.sep:-w1500
be,util,confirmatory,basic::utl39.sep:-w1500
be,util,confirmatory,basic::utl40.sep:-w1500
be,util,confirmatory,basic::utl41.sep:-w1500
be,util,confirmatory,basic::utl42.sep:-w1500
be,util,confirmatory,basic::utl43.sep:-w1500
be,util,confirmatory,basic::utl44.sep:-w1500
be,util,confirmatory,basic::utl45.sep:-w1500
be,util,confirmatory,basic::utl46.sep:-w1500
be,util,confirmatory,basic::utl47.sep:-w1500
be,util,confirmatory,basic::utl48.sep:-w1500
be,util,confirmatory,basic::utl61.sep:-w1500
