fe,rw,confirmatory,cursory:fe,rw,sep:rw00.sep:
fe,rw,confirmatory,cursory:fe,rw,sep:rw02.sep:
fe,rw,confirmatory,cursory:fe,rw,sep:rw03.sep:
fe,rw,confirmatory,basic:fe,rw,sep:rw04.sep:
fe,rw,confirmatory,basic:fe,rw,sep:rw05.sep:
fe,rw,confirmatory,basic:fe,rw,sep:rw06.sep:
fe,rw,confirmatory,basic:fe,rw,sep:rw07.sep:
fe,rw,confirmatory,basic:fe,rw,sep:rw08.sep:
fe,rw,confirmatory,basic:fe,rw,sep:rw09.sep:
fe,rw,confirmatory,basic:fe,rw,sep:rw10.sep:
fe,rw,confirmatory,basic:fe,rw,sep:rw11.sep:
fe,rw,confirmatory,basic:fe,rw,sep:rw12.sep:
fe,rw,confirmatory,basic:fe,rw,sep:rw13.sep:
fe,rw,confirmatory,basic:fe,rw,sep:rw14.sep:
fe,rw,confirmatory,basic:fe,rw,sep:rw15.sep:
fe,rw,confirmatory,basic:fe,rw,sep:rw16.sep:
fe,rw,confirmatory,basic:fe,rw,sep:rw19.sep:-f1e-03
fe,rw,confirmatory,basic:fe,rw,sep:rw20.sep:-f1e-03
fe,rw,confirmatory,basic:fe,rw,sep:rw21.sep:
fe,rw,confirmatory,basic:fe,rw,sep:rw22.sep:
fe,rw,confirmatory,basic:fe,rw,sep:rw25.sep:
fe,rw,confirmatory,basic:fe,rw,sep:rw27.sep:
fe,rw,confirmatory,basic:fe,rw,sep:rw28.sep:
fe,rw,confirmatory,basic:fe,rw,sep:rw29.sep:
fe,rw,confirmatory,basic:fe,rw,sep:rw30.sep:
fe,rw,confirmatory,basic:fe,rw,sep:rw31.sep:
fe,rw,confirmatory,basic:fe,rw,sep:rw32.sep:
fe,rw,confirmatory,basic:fe,rw,sep:rw33.sep:
fe,rw,confirmatory,basic:fe,rw,sep:rw34.sep:
fe,rw,confirmatory,certification:fe,rw,sep:rw35.sep:
fe,rw,confirmatory,certification:fe,rw,sep:rw36.sep:
fe,rw,confirmatory,certification:fe,rw,sep:rw37.sep:
fe,rw,confirmatory,certification:fe,rw,sep:rw38.sep:
fe,rw,confirmatory,certification:fe,rw,sep:rw39.sep:
fe,rw,confirmatory,certification:fe,rw,sep:rw40.sep:
fe,rw,confirmatory,certification:fe,rw,sep:rw41.sep:
fe,rw,confirmatory,cursory:fe,rw,sep:rw42.sep:
fe,rw,confirmatory,basic:fe,rw,sep:rw43.sep:
fe,rw,confirmatory,basic:fe,rw,sep:rw44.sep:
fe,rw,confirmatory,basic:fe,rw,sep:rw45.sep:
fe,rw,confirmatory,basic:fe,rw,sep:rw46.sep:
fe,rw,confirmatory,basic:fe,rw,sep:rw50.sep:-t10
